<?xml version="1.0" encoding="UTF-8"?>
<!-- Generated by org.testng.reporters.JUnitXMLReporter -->
<testsuite ignored="0" hostname="EPBYMINW14AB" failures="1" tests="1" name="Command line test" time="0.046" errors="0" timestamp="2022-12-28T02:23:46 UZT">
  <testcase classname="com.epam.webdriver.aleksandrgostev.test.PasteBinHomePageTest" name="createSimplePaste" time="0.0">
    <failure type="org.testng.TestNGException" message="
Parameter &amp;apos;code&amp;apos; is required by @Test on method createSimplePaste but has not been marked @Optional or defined
">
      <![CDATA[org.testng.TestNGException: 
Parameter 'code' is required by @Test on method createSimplePaste but has not been marked @Optional or defined

at java.base/java.util.ArrayList.forEach(ArrayList.java:1511)
... Removed 35 stack frames]]>
    </failure>
  </testcase> <!-- createSimplePaste -->
</testsuite> <!-- Command line test -->
